2014-10-05 23:17:34,643 [Worker-19] INFO  o.e.m.c.i.l.LifecycleMappingFactory - Using org.eclipse.m2e.jdt.JarLifecycleMapping lifecycle mapping for MavenProject: org.apache.logging.log4j:log4j-core:0.0.1-SNAPSHOT @ F:\Valiantsin-Balshakou-Group-1\log4j-core\pom.xml.
2014-10-05 23:17:34,824 [Worker-19] INFO  o.e.m.j.i.AbstractJavaProjectConfigurator - Adding source folder /log4j-core/src/main/java
2014-10-05 23:17:34,825 [Worker-19] INFO  o.e.m.j.i.AbstractJavaProjectConfigurator - Adding resource folder /log4j-core/src/main/resources
2014-10-05 23:17:34,825 [Worker-19] INFO  o.e.m.j.i.AbstractJavaProjectConfigurator - Adding source folder /log4j-core/src/test/java
2014-10-05 23:17:34,825 [Worker-19] INFO  o.e.m.j.i.AbstractJavaProjectConfigurator - Adding resource folder /log4j-core/src/test/resources
2014-10-05 23:17:35,118 [Worker-9] INFO  o.e.m.c.i.l.LifecycleMappingFactory - Using org.eclipse.m2e.jdt.JarLifecycleMapping lifecycle mapping for MavenProject: org.apache.logging.log4j:log4j-core:0.0.1-SNAPSHOT @ F:\Valiantsin-Balshakou-Group-1\log4j-core\pom.xml.
2014-10-05 23:17:35,199 [Worker-9] WARN  o.e.m.c.i.embedder.EclipseLogger - Using platform encoding (Cp1251 actually) to copy filtered resources, i.e. build is platform dependent!
2014-10-05 23:17:35,205 [Worker-9] INFO  o.e.m.c.i.embedder.EclipseLogger - Copying 0 resource
2014-10-05 23:17:35,207 [Worker-9] WARN  o.e.m.c.i.embedder.EclipseLogger - Using platform encoding (Cp1251 actually) to copy filtered resources, i.e. build is platform dependent!
2014-10-05 23:17:35,209 [Worker-9] INFO  o.e.m.c.i.embedder.EclipseLogger - Copying 0 resource
2014-10-05 23:17:36,003 [Worker-19] INFO  o.e.m.c.i.l.LifecycleMappingFactory - Using org.eclipse.m2e.jdt.JarLifecycleMapping lifecycle mapping for MavenProject: org.apache.logging.log4j:log4j-core:0.0.1-SNAPSHOT @ F:\Valiantsin-Balshakou-Group-1\log4j-core\pom.xml.
2014-10-05 23:17:36,225 [Worker-19] WARN  o.e.m.c.i.embedder.EclipseLogger - Using platform encoding (Cp1251 actually) to copy filtered resources, i.e. build is platform dependent!
2014-10-05 23:17:36,229 [Worker-19] INFO  o.e.m.c.i.embedder.EclipseLogger - Copying 0 resource
2014-10-05 23:17:36,230 [Worker-19] WARN  o.e.m.c.i.embedder.EclipseLogger - Using platform encoding (Cp1251 actually) to copy filtered resources, i.e. build is platform dependent!
2014-10-05 23:17:36,232 [Worker-19] INFO  o.e.m.c.i.embedder.EclipseLogger - Copying 0 resource
2014-10-05 23:18:04,845 [main] INFO  o.e.m2e.actions.ExecutePomAction - Creating new launch configuration
2014-10-05 23:18:12,844 [Worker-24] INFO  o.e.m.i.launch.MavenLaunchDelegate - F:\Valiantsin-Balshakou-Group-1\log4j-core
2014-10-05 23:18:12,845 [Worker-24] INFO  o.e.m.i.launch.MavenLaunchDelegate -  mvn  -B 
2014-10-05 23:18:49,607 [Worker-20] INFO  o.e.m.c.i.l.LifecycleMappingFactory - Using org.eclipse.m2e.jdt.JarLifecycleMapping lifecycle mapping for MavenProject: org.apache.logging.log4j:log4j-core:1.2.17 @ F:\Valiantsin-Balshakou-Group-1\log4j-core\pom.xml.
2014-10-05 23:18:49,653 [Worker-20] WARN  o.e.m.c.i.embedder.EclipseLogger - Using platform encoding (Cp1251 actually) to copy filtered resources, i.e. build is platform dependent!
2014-10-05 23:18:49,655 [Worker-20] INFO  o.e.m.c.i.embedder.EclipseLogger - Copying 0 resource
2014-10-05 23:18:49,656 [Worker-20] WARN  o.e.m.c.i.embedder.EclipseLogger - Using platform encoding (Cp1251 actually) to copy filtered resources, i.e. build is platform dependent!
2014-10-05 23:18:49,659 [Worker-20] INFO  o.e.m.c.i.embedder.EclipseLogger - Copying 0 resource
2014-10-05 23:18:55,822 [main] INFO  o.e.m2e.actions.ExecutePomAction - Using existing launch configuration
2014-10-05 23:18:57,341 [Worker-5] INFO  o.e.m.i.launch.MavenLaunchDelegate - F:\Valiantsin-Balshakou-Group-1\log4j-core
2014-10-05 23:18:57,342 [Worker-5] INFO  o.e.m.i.launch.MavenLaunchDelegate -  mvn  -B 
